e:\documents\uni\onedrive - staffordshire university\game engine creation\sem2\project1\project1\debug\vc142.pdb
e:\documents\uni\onedrive - staffordshire university\game engine creation\sem2\project1\project1\debug\vc142.idb
e:\documents\uni\onedrive - staffordshire university\game engine creation\sem2\project1\project1\debug\texture2d.obj
e:\documents\uni\onedrive - staffordshire university\game engine creation\sem2\project1\project1\debug\source.obj
e:\documents\uni\onedrive - staffordshire university\game engine creation\sem2\project1\project1\debug\powblock.obj
e:\documents\uni\onedrive - staffordshire university\game engine creation\sem2\project1\project1\debug\characterluigi.obj
e:\documents\uni\onedrive - staffordshire university\game engine creation\sem2\project1\project1\debug\levelmap.obj
e:\documents\uni\onedrive - staffordshire university\game engine creation\sem2\project1\project1\debug\gamescreenmanager.obj
e:\documents\uni\onedrive - staffordshire university\game engine creation\sem2\project1\project1\debug\gamescreenlevel1.obj
e:\documents\uni\onedrive - staffordshire university\game engine creation\sem2\project1\project1\debug\gamescreen.obj
e:\documents\uni\onedrive - staffordshire university\game engine creation\sem2\project1\project1\debug\collisions.obj
e:\documents\uni\onedrive - staffordshire university\game engine creation\sem2\project1\project1\debug\charactermario.obj
e:\documents\uni\onedrive - staffordshire university\game engine creation\sem2\project1\project1\debug\characterkoopa.obj
e:\documents\uni\onedrive - staffordshire university\game engine creation\sem2\project1\project1\debug\character.obj
e:\documents\uni\onedrive - staffordshire university\game engine creation\sem2\project1\project1\debug\gamescreenlevel2.obj
e:\documents\uni\onedrive - staffordshire university\game engine creation\sem2\project1\project1\debug\gamescreenintro.obj
e:\documents\uni\onedrive - staffordshire university\game engine creation\sem2\project1\project1\debug\charactergoomba.obj
e:\documents\uni\onedrive - staffordshire university\game engine creation\sem2\project1\project1\debug\gamescreengameover.obj
e:\documents\uni\onedrive - staffordshire university\game engine creation\sem2\project1\project1\debug\coin.obj
e:\documents\uni\onedrive - staffordshire university\game engine creation\sem2\project1\project1\debug\gamescreenscore.obj
e:\documents\uni\onedrive - staffordshire university\game engine creation\sem2\project1\debug\project1.pdb
e:\documents\uni\onedrive - staffordshire university\game engine creation\sem2\project1\project1\debug\project1.tlog\cl.command.1.tlog
e:\documents\uni\onedrive - staffordshire university\game engine creation\sem2\project1\project1\debug\project1.tlog\cl.read.1.tlog
e:\documents\uni\onedrive - staffordshire university\game engine creation\sem2\project1\project1\debug\project1.tlog\cl.write.1.tlog
e:\documents\uni\onedrive - staffordshire university\game engine creation\sem2\project1\project1\debug\project1.tlog\link.29076-cvtres.read.1.tlog
e:\documents\uni\onedrive - staffordshire university\game engine creation\sem2\project1\project1\debug\project1.tlog\link.29076-cvtres.write.1.tlog
e:\documents\uni\onedrive - staffordshire university\game engine creation\sem2\project1\project1\debug\project1.tlog\link.29076-rc.read.1.tlog
e:\documents\uni\onedrive - staffordshire university\game engine creation\sem2\project1\project1\debug\project1.tlog\link.29076-rc.write.1.tlog
e:\documents\uni\onedrive - staffordshire university\game engine creation\sem2\project1\project1\debug\project1.tlog\link.29076.read.1.tlog
e:\documents\uni\onedrive - staffordshire university\game engine creation\sem2\project1\project1\debug\project1.tlog\link.29076.write.1.tlog
e:\documents\uni\onedrive - staffordshire university\game engine creation\sem2\project1\project1\debug\project1.tlog\link.command.1.tlog
e:\documents\uni\onedrive - staffordshire university\game engine creation\sem2\project1\project1\debug\project1.tlog\link.read.1.tlog
e:\documents\uni\onedrive - staffordshire university\game engine creation\sem2\project1\project1\debug\project1.tlog\link.write.1.tlog
